CS240: Exam2. pheldrin Thu Oct 15 21:29:55 EDT 2015  Total:  0 of 16
0
16
CS240: Exam2. pheldrin Thu Oct 15 21:30:09 EDT 2015  Total:  0 of 24
0
24
CS240: Exam2. pheldrin Thu Oct 15 21:41:39 EDT 2015  Total:  0 of 24
0
24
CS240: Exam2. pheldrin Thu Oct 15 21:42:30 EDT 2015  Total:  24 of 24
24
24
CS240: Exam2. pheldrin Thu Oct 15 21:44:20 EDT 2015  Total:  24 of 24
24
24
CS240: Exam2. pheldrin Thu Oct 15 21:49:11 EDT 2015  Total:  24 of 24
24
24
CS240: Exam2. pheldrin Thu Oct 15 21:49:42 EDT 2015  Total:  24 of 24
24
24
CS240: Exam2. pheldrin Thu Oct 15 21:51:26 EDT 2015  Total:  24 of 24
24
24
CS240: Exam2. pheldrin Thu Oct 15 21:51:59 EDT 2015  Total:  24 of 24
24
24
CS240: Exam2. pheldrin Thu Oct 15 21:53:28 EDT 2015  Total:  24 of 24
24
24
CS240: Exam2. pheldrin Thu Oct 15 21:56:52 EDT 2015  Total:  24 of 24
24
24
CS240: Exam2. pheldrin Fri Oct 16 02:36:21 EDT 2015  Total:  24 of 24
24
24
CS240: Exam2. pheldrin Sun Oct 18 00:27:35 EDT 2015  Total:  24 of 24
24
24
CS240: Exam2. pheldrin Sun Oct 18 19:29:30 EDT 2015  Total:  24 of 24
24
24
CS240: Exam2. pheldrin Sun Oct 18 19:33:00 EDT 2015  Total:  24 of 24
24
24
CS240: Exam2. pheldrin Sun Oct 18 19:39:34 EDT 2015  Total:  24 of 24
24
24
CS240: Exam2. pheldrin Sun Oct 18 19:41:04 EDT 2015  Total:  24 of 24
24
24
CS240: Exam2. pheldrin Mon Oct 19 00:08:21 EDT 2015  Total:  24 of 24
24
24
CS240: Exam2. cs240 Mon Oct 19 02:25:22 EDT 2015  Total:  24 of 24
24
24
CS240: Exam2. cs240 Mon Oct 19 02:26:33 EDT 2015  Total:  28 of 28
28
28
CS240: Exam2. cs240 Mon Oct 19 02:26:46 EDT 2015  Total:  30 of 30
30
30
CS240: Exam2. cs240 Mon Oct 19 02:28:28 EDT 2015  Total:  30 of 30
30
30
CS240: Exam2. cs240 Mon Oct 19 04:42:09 EDT 2015  Total:  0 of 30
0
30
CS240: Exam2. cs240 Mon Oct 19 04:44:19 EDT 2015  Total:  0 of 30
0
30
CS240: Exam2. cs240 Mon Oct 19 04:48:00 EDT 2015  Total:  0 of 30
0
30
CS240: Exam2. cs240 Mon Oct 19 04:53:56 EDT 2015  Total:  0 of 30
0
30
CS240: Exam2. cs240 Mon Oct 19 12:58:00 EDT 2015  Total:  0 of 30
0
30
CS240: Exam2. pan117 Tue Nov 3 13:03:30 EST 2015  Total:  0 of 30
0
30
CS240: Exam2. pan117 Tue Nov 3 13:09:02 EST 2015  Total:  0 of 30
0
30
CS240: Exam2. pan117 Tue Nov 3 13:11:56 EST 2015  Total:  0 of 30
0
30
CS240: Exam2. pan117 Tue Nov 3 13:12:45 EST 2015  Total:  0 of 30
0
30
CS240: Exam2. pan117 Tue Nov 3 15:09:16 EST 2015  Total:  0 of 30
0
30
CS240: Exam2. pan117 Tue Nov 3 15:11:51 EST 2015  Total:  0 of 30
0
30
CS240: Exam2. pan117 Tue Nov 3 15:12:14 EST 2015  Total:  0 of 30
0
30
CS240: Exam2. pan117 Tue Nov 3 15:14:06 EST 2015  Total:  0 of 30
0
30
CS240: Exam2. pan117 Tue Nov 3 15:17:02 EST 2015  Total:  0 of 30
0
30
CS240: Exam2. pan117 Tue Nov 3 15:17:13 EST 2015  Total:  0 of 30
0
30
CS240: Exam2. pan117 Tue Nov 3 15:17:35 EST 2015  Total:  0 of 30
0
30
CS240: Exam2. pan117 Tue Nov 3 15:20:45 EST 2015  Total:  0 of 30
0
30
CS240: Exam2. pan117 Tue Nov 3 18:00:01 EST 2015  Total:  0 of 30
0
30
CS240: Exam2. pan117 Tue Nov 3 18:02:15 EST 2015  Total:  7 of 30
7
30
CS240: Exam2. pan117 Tue Nov 3 18:07:09 EST 2015  Total:  7 of 30
7
30
CS240: Exam2. pan117 Tue Nov 3 18:18:14 EST 2015  Total:  7 of 30
7
30
CS240: Exam2. pan117 Tue Nov 3 18:24:41 EST 2015  Total:  15 of 30
15
30
CS240: Exam2. pan117 Tue Nov 3 18:40:01 EST 2015  Total:  15 of 30
15
30
CS240: Exam2. pan117 Tue Nov 3 18:40:30 EST 2015  Total:  15 of 30
15
30
CS240: Exam2. pan117 Tue Nov 3 18:41:20 EST 2015  Total:  15 of 30
15
30
CS240: Exam2. pan117 Tue Nov 3 18:44:27 EST 2015  Total:  15 of 30
15
30
CS240: Exam2. pan117 Tue Nov 3 19:04:31 EST 2015  Total:  22 of 30
22
30
CS240: Exam2. pan117 Fri Nov 6 16:49:44 EST 2015  Total:  22 of 30
22
30
CS240: Exam2. pan117 Fri Nov 6 16:51:53 EST 2015  Total:  22 of 30
22
30
CS240: Exam2. pan117 Fri Nov 6 16:54:38 EST 2015  Total:  30 of 30
30
30
CS240: Exam2. pan117 Fri Nov 6 21:33:00 EST 2015  Total:  30 of 30
30
30
