

-------------------------------------------------
CS240: Lab 2b. cs240   
Sat Aug 29 15:19:08 EDT 2015
-------------------------------------------------
test_mystring test1                 : 0   of 3  
test_mystring test2                 : 0   of 3  
test_mystring test3                 : 0   of 3  
test_mystring test4                 : 0   of 3  
test_mystring test5                 : 0   of 3  
test_mystring test6                 : 0   of 3  
test_mystring test7                 : 0   of 3  
-------------------------------------------------
CS240: Lab 2b. cs240 Sat Aug 29 15:19:08 EDT 2015  Total:  0 of 21



-------------------------------------------------
CS240: Lab 2b. cs240   
Sat Aug 29 15:25:50 EDT 2015
-------------------------------------------------
test_mystring test1                 : 3   of 3  
test_mystring test2                 : 3   of 3  
test_mystring test3                 : 3   of 3  
test_mystring test4                 : 3   of 3  
test_mystring test5                 : 3   of 3  
test_mystring test6                 : 3   of 3  
test_mystring test7                 : 3   of 3  
-------------------------------------------------
CS240: Lab 2b. cs240 Sat Aug 29 15:25:50 EDT 2015  Total:  21 of 21



-------------------------------------------------
CS240: Lab 2b. cs240   
Sat Aug 29 15:26:57 EDT 2015
-------------------------------------------------
test_mystring test1                 : 3   of 3  
test_mystring test2                 : 3   of 3  
test_mystring test3                 : 3   of 3  
test_mystring test4                 : 3   of 3  
test_mystring test5                 : 3   of 3  
test_mystring test6                 : 3   of 3  
test_mystring test7                 : 3   of 3  
-------------------------------------------------
CS240: Lab 2b. cs240 Sat Aug 29 15:26:57 EDT 2015  Total:  21 of 21



-------------------------------------------------
CS240: Lab 2b. cs240   
Sat Aug 29 15:27:45 EDT 2015
-------------------------------------------------
test_mystring test1                 : 0   of 3  
test_mystring test2                 : 0   of 3  
test_mystring test3                 : 0   of 3  
test_mystring test4                 : 0   of 3  
test_mystring test5                 : 0   of 3  
test_mystring test6                 : 0   of 3  
test_mystring test7                 : 0   of 3  
-------------------------------------------------
CS240: Lab 2b. cs240 Sat Aug 29 15:27:45 EDT 2015  Total:  0 of 21



-------------------------------------------------
CS240: Lab 2b. cs240   
Sat Aug 29 15:28:05 EDT 2015
-------------------------------------------------
test_mystring test1                 : 0   of 3  
test_mystring test2                 : 0   of 3  
test_mystring test3                 : 0   of 3  
test_mystring test4                 : 0   of 3  
test_mystring test5                 : 0   of 3  
test_mystring test6                 : 0   of 3  
test_mystring test7                 : 0   of 3  
-------------------------------------------------
CS240: Lab 2b. cs240 Sat Aug 29 15:28:05 EDT 2015  Total:  0 of 21



-------------------------------------------------
CS240: Lab 2. pan117   
Tue Sep  1 16:33:58 EDT 2015
-------------------------------------------------
test_mystring test1                 : 0   of 3  
test_mystring test2                 : 0   of 3  
test_mystring test3                 : 0   of 3  
test_mystring test4                 : 0   of 3  
test_mystring test5                 : 0   of 3  
test_mystring test6                 : 0   of 3  
test_mystring test7                 : 0   of 3  
-------------------------------------------------
CS240: Lab 2. pan117 Tue Sep 1 16:33:58 EDT 2015  Total:  0 of 21



-------------------------------------------------
CS240: Lab 2. pan117   
Tue Sep  1 16:34:53 EDT 2015
-------------------------------------------------
test_mystring test1                 : 3   of 3  
test_mystring test2                 : 0   of 3  
test_mystring test3                 : 0   of 3  
test_mystring test4                 : 0   of 3  
test_mystring test5                 : 0   of 3  
test_mystring test6                 : 0   of 3  
test_mystring test7                 : 0   of 3  
-------------------------------------------------
CS240: Lab 2. pan117 Tue Sep 1 16:34:53 EDT 2015  Total:  3 of 21



-------------------------------------------------
CS240: Lab 2. pan117   
Tue Sep  1 16:35:34 EDT 2015
-------------------------------------------------
test_mystring test1                 : 3   of 3  
test_mystring test2                 : 0   of 3  
test_mystring test3                 : 0   of 3  
test_mystring test4                 : 0   of 3  
test_mystring test5                 : 0   of 3  
test_mystring test6                 : 0   of 3  
test_mystring test7                 : 0   of 3  
-------------------------------------------------
CS240: Lab 2. pan117 Tue Sep 1 16:35:34 EDT 2015  Total:  3 of 21



-------------------------------------------------
CS240: Lab 2. pan117   
Tue Sep  1 16:35:40 EDT 2015
-------------------------------------------------
test_mystring test1                 : 3   of 3  
test_mystring test2                 : 0   of 3  
test_mystring test3                 : 0   of 3  
test_mystring test4                 : 0   of 3  
test_mystring test5                 : 0   of 3  
test_mystring test6                 : 0   of 3  
test_mystring test7                 : 0   of 3  
-------------------------------------------------
CS240: Lab 2. pan117 Tue Sep 1 16:35:40 EDT 2015  Total:  3 of 21



-------------------------------------------------
CS240: Lab 2. pan117   
Tue Sep  1 16:36:40 EDT 2015
-------------------------------------------------
test_mystring test1                 : 3   of 3  
test_mystring test3                 : 0   of 3  
test_mystring test4                 : 0   of 3  
test_mystring test5                 : 0   of 3  
test_mystring test6                 : 0   of 3  
test_mystring test7                 : 0   of 3  
-------------------------------------------------
CS240: Lab 2. pan117 Tue Sep 1 16:36:40 EDT 2015  Total:  3 of 21



-------------------------------------------------
CS240: Lab 2. pan117   
Tue Sep  1 16:38:02 EDT 2015
-------------------------------------------------
test_mystring test1                 : 3   of 3  
test_mystring test2                 : 0   of 3  
test_mystring test3                 : 0   of 3  
test_mystring test4                 : 0   of 3  
test_mystring test5                 : 0   of 3  
test_mystring test6                 : 0   of 3  
test_mystring test7                 : 0   of 3  
-------------------------------------------------
CS240: Lab 2. pan117 Tue Sep 1 16:38:02 EDT 2015  Total:  3 of 21



-------------------------------------------------
CS240: Lab 2. pan117   
Tue Sep  1 16:39:04 EDT 2015
-------------------------------------------------
test_mystring test1                 : 3   of 3  
test_mystring test2                 : 0   of 3  
test_mystring test3                 : 0   of 3  
test_mystring test4                 : 0   of 3  
test_mystring test5                 : 0   of 3  
test_mystring test6                 : 0   of 3  
test_mystring test7                 : 0   of 3  
-------------------------------------------------
CS240: Lab 2. pan117 Tue Sep 1 16:39:04 EDT 2015  Total:  3 of 21



-------------------------------------------------
CS240: Lab 2. pan117   
Tue Sep  1 16:39:41 EDT 2015
-------------------------------------------------
test_mystring test1                 : 3   of 3  
test_mystring test2                 : 0   of 3  
test_mystring test3                 : 0   of 3  
test_mystring test4                 : 0   of 3  
test_mystring test5                 : 0   of 3  
test_mystring test6                 : 0   of 3  
test_mystring test7                 : 0   of 3  
-------------------------------------------------
CS240: Lab 2. pan117 Tue Sep 1 16:39:41 EDT 2015  Total:  3 of 21



-------------------------------------------------
CS240: Lab 2. pan117   
Tue Sep  1 16:43:22 EDT 2015
-------------------------------------------------
test_mystring test1                 : 3   of 3  
test_mystring test2                 : 0   of 3  
test_mystring test3                 : 0   of 3  
test_mystring test4                 : 0   of 3  
test_mystring test5                 : 0   of 3  
test_mystring test6                 : 0   of 3  
test_mystring test7                 : 0   of 3  
-------------------------------------------------
CS240: Lab 2. pan117 Tue Sep 1 16:43:22 EDT 2015  Total:  3 of 21



-------------------------------------------------
CS240: Lab 2. pan117   
Tue Sep  1 16:46:02 EDT 2015
-------------------------------------------------
test_mystring test1                 : 3   of 3  
test_mystring test2                 : 0   of 3  
test_mystring test3                 : 0   of 3  
test_mystring test4                 : 0   of 3  
test_mystring test5                 : 0   of 3  
test_mystring test6                 : 0   of 3  
test_mystring test7                 : 0   of 3  
-------------------------------------------------
CS240: Lab 2. pan117 Tue Sep 1 16:46:02 EDT 2015  Total:  3 of 21



-------------------------------------------------
CS240: Lab 2. pan117   
Tue Sep  1 16:46:14 EDT 2015
-------------------------------------------------
test_mystring test1                 : 3   of 3  
test_mystring test2                 : 0   of 3  
test_mystring test3                 : 0   of 3  
test_mystring test4                 : 0   of 3  
test_mystring test5                 : 0   of 3  
test_mystring test6                 : 0   of 3  
test_mystring test7                 : 0   of 3  
-------------------------------------------------
CS240: Lab 2. pan117 Tue Sep 1 16:46:14 EDT 2015  Total:  3 of 21



-------------------------------------------------
CS240: Lab 2. pan117   
Tue Sep  1 16:48:19 EDT 2015
-------------------------------------------------
test_mystring test1                 : 3   of 3  
test_mystring test2                 : 0   of 3  
test_mystring test3                 : 0   of 3  
test_mystring test4                 : 0   of 3  
test_mystring test5                 : 0   of 3  
test_mystring test6                 : 0   of 3  
test_mystring test7                 : 0   of 3  
-------------------------------------------------
CS240: Lab 2. pan117 Tue Sep 1 16:48:19 EDT 2015  Total:  3 of 21



-------------------------------------------------
CS240: Lab 2. pan117   
Tue Sep  1 16:53:38 EDT 2015
-------------------------------------------------
test_mystring test1                 : 3   of 3  
test_mystring test2                 : 0   of 3  
test_mystring test3                 : 0   of 3  
test_mystring test5                 : 0   of 3  
test_mystring test6                 : 0   of 3  
test_mystring test7                 : 0   of 3  
-------------------------------------------------
CS240: Lab 2. pan117 Tue Sep 1 16:53:38 EDT 2015  Total:  3 of 21



-------------------------------------------------
CS240: Lab 2. pan117   
Tue Sep  1 16:54:26 EDT 2015
-------------------------------------------------
test_mystring test1                 : 3   of 3  
test_mystring test2                 : 0   of 3  
test_mystring test3                 : 0   of 3  
test_mystring test5                 : 0   of 3  
test_mystring test6                 : 0   of 3  
test_mystring test7                 : 0   of 3  
-------------------------------------------------
CS240: Lab 2. pan117 Tue Sep 1 16:54:26 EDT 2015  Total:  3 of 21



-------------------------------------------------
CS240: Lab 2. pan117   
Tue Sep  1 16:58:00 EDT 2015
-------------------------------------------------
test_mystring test1                 : 3   of 3  
test_mystring test2                 : 0   of 3  
test_mystring test3                 : 0   of 3  
test_mystring test5                 : 0   of 3  
test_mystring test6                 : 0   of 3  
test_mystring test7                 : 0   of 3  
-------------------------------------------------
CS240: Lab 2. pan117 Tue Sep 1 16:58:00 EDT 2015  Total:  3 of 21



-------------------------------------------------
CS240: Lab 2. pan117   
Tue Sep  1 17:04:01 EDT 2015
-------------------------------------------------
test_mystring test1                 : 3   of 3  
test_mystring test2                 : 0   of 3  
test_mystring test3                 : 0   of 3  
test_mystring test5                 : 0   of 3  
test_mystring test6                 : 0   of 3  
test_mystring test7                 : 0   of 3  
-------------------------------------------------
CS240: Lab 2. pan117 Tue Sep 1 17:04:01 EDT 2015  Total:  3 of 21



-------------------------------------------------
CS240: Lab 2. pan117   
Tue Sep  1 17:04:58 EDT 2015
-------------------------------------------------
test_mystring test1                 : 3   of 3  
test_mystring test2                 : 0   of 3  
test_mystring test3                 : 0   of 3  
test_mystring test5                 : 0   of 3  
test_mystring test6                 : 0   of 3  
test_mystring test7                 : 0   of 3  
-------------------------------------------------
CS240: Lab 2. pan117 Tue Sep 1 17:04:58 EDT 2015  Total:  3 of 21



-------------------------------------------------
CS240: Lab 2. pan117   
Tue Sep  1 17:06:10 EDT 2015
-------------------------------------------------
test_mystring test1                 : 3   of 3  
test_mystring test2                 : 0   of 3  
test_mystring test3                 : 0   of 3  
test_mystring test5                 : 0   of 3  
test_mystring test6                 : 0   of 3  
test_mystring test7                 : 0   of 3  
-------------------------------------------------
CS240: Lab 2. pan117 Tue Sep 1 17:06:10 EDT 2015  Total:  3 of 21



-------------------------------------------------
CS240: Lab 2. pan117   
Tue Sep  1 17:06:18 EDT 2015
-------------------------------------------------
test_mystring test1                 : 3   of 3  
test_mystring test2                 : 0   of 3  
test_mystring test3                 : 0   of 3  
test_mystring test5                 : 0   of 3  
test_mystring test6                 : 0   of 3  
test_mystring test7                 : 0   of 3  
-------------------------------------------------
CS240: Lab 2. pan117 Tue Sep 1 17:06:18 EDT 2015  Total:  3 of 21



-------------------------------------------------
CS240: Lab 2. pan117   
Tue Sep  1 17:07:38 EDT 2015
-------------------------------------------------
test_mystring test1                 : 3   of 3  
test_mystring test2                 : 0   of 3  
test_mystring test3                 : 0   of 3  
test_mystring test5                 : 0   of 3  
test_mystring test6                 : 0   of 3  
test_mystring test7                 : 0   of 3  
-------------------------------------------------
CS240: Lab 2. pan117 Tue Sep 1 17:07:38 EDT 2015  Total:  3 of 21



-------------------------------------------------
CS240: Lab 2. pan117   
Tue Sep  1 17:07:46 EDT 2015
-------------------------------------------------
test_mystring test1                 : 3   of 3  
test_mystring test2                 : 0   of 3  
test_mystring test3                 : 0   of 3  
test_mystring test5                 : 0   of 3  
test_mystring test6                 : 0   of 3  
test_mystring test7                 : 0   of 3  
-------------------------------------------------
CS240: Lab 2. pan117 Tue Sep 1 17:07:46 EDT 2015  Total:  3 of 21



-------------------------------------------------
CS240: Lab 2. pan117   
Tue Sep  1 17:09:29 EDT 2015
-------------------------------------------------
test_mystring test1                 : 3   of 3  
test_mystring test5                 : 0   of 3  
test_mystring test6                 : 0   of 3  
test_mystring test7                 : 0   of 3  
-------------------------------------------------
CS240: Lab 2. pan117 Tue Sep 1 17:09:29 EDT 2015  Total:  3 of 21



-------------------------------------------------
CS240: Lab 2. pan117   
Tue Sep  1 17:09:38 EDT 2015
-------------------------------------------------
test_mystring test1                 : 3   of 3  
test_mystring test5                 : 0   of 3  
test_mystring test6                 : 0   of 3  
test_mystring test7                 : 0   of 3  
-------------------------------------------------
CS240: Lab 2. pan117 Tue Sep 1 17:09:38 EDT 2015  Total:  3 of 21



-------------------------------------------------
CS240: Lab 2. pan117   
Tue Sep  1 17:10:36 EDT 2015
-------------------------------------------------
test_mystring test1                 : 3   of 3  
test_mystring test5                 : 0   of 3  
test_mystring test6                 : 0   of 3  
test_mystring test7                 : 0   of 3  
-------------------------------------------------
CS240: Lab 2. pan117 Tue Sep 1 17:10:36 EDT 2015  Total:  3 of 21



-------------------------------------------------
CS240: Lab 2. pan117   
Tue Sep  1 17:11:21 EDT 2015
-------------------------------------------------
test_mystring test1                 : 3   of 3  
test_mystring test2                 : 0   of 3  
test_mystring test3                 : 0   of 3  
test_mystring test5                 : 0   of 3  
test_mystring test6                 : 0   of 3  
test_mystring test7                 : 0   of 3  
-------------------------------------------------
CS240: Lab 2. pan117 Tue Sep 1 17:11:21 EDT 2015  Total:  3 of 21



-------------------------------------------------
CS240: Lab 2. pan117   
Tue Sep  1 17:13:43 EDT 2015
-------------------------------------------------
test_mystring test1                 : 3   of 3  
test_mystring test5                 : 0   of 3  
test_mystring test6                 : 0   of 3  
test_mystring test7                 : 0   of 3  
-------------------------------------------------
CS240: Lab 2. pan117 Tue Sep 1 17:13:43 EDT 2015  Total:  3 of 21



-------------------------------------------------
CS240: Lab 2. pan117   
Tue Sep  1 17:14:53 EDT 2015
-------------------------------------------------
test_mystring test1                 : 3   of 3  
test_mystring test2                 : 3   of 3  
test_mystring test3                 : 0   of 3  
test_mystring test5                 : 0   of 3  
test_mystring test6                 : 0   of 3  
test_mystring test7                 : 0   of 3  
-------------------------------------------------
CS240: Lab 2. pan117 Tue Sep 1 17:14:53 EDT 2015  Total:  6 of 21



-------------------------------------------------
CS240: Lab 2. pan117   
Tue Sep  1 17:18:22 EDT 2015
-------------------------------------------------
test_mystring test1                 : 3   of 3  
test_mystring test2                 : 3   of 3  
test_mystring test5                 : 0   of 3  
test_mystring test6                 : 0   of 3  
test_mystring test7                 : 0   of 3  
-------------------------------------------------
CS240: Lab 2. pan117 Tue Sep 1 17:18:22 EDT 2015  Total:  6 of 21



-------------------------------------------------
CS240: Lab 2. pan117   
Tue Sep  1 17:19:09 EDT 2015
-------------------------------------------------
test_mystring test1                 : 3   of 3  
test_mystring test2                 : 3   of 3  
test_mystring test3                 : 0   of 3  
test_mystring test5                 : 0   of 3  
test_mystring test6                 : 0   of 3  
test_mystring test7                 : 0   of 3  
-------------------------------------------------
CS240: Lab 2. pan117 Tue Sep 1 17:19:09 EDT 2015  Total:  6 of 21



-------------------------------------------------
CS240: Lab 2. pan117   
Mon Sep  7 17:49:34 EDT 2015
-------------------------------------------------
test_mystring test1                 : 3   of 3  
test_mystring test2                 : 0   of 3  
test_mystring test3                 : 0   of 3  
test_mystring test5                 : 3   of 3  
test_mystring test6                 : 0   of 3  
test_mystring test7                 : 0   of 3  
-------------------------------------------------
CS240: Lab 2. pan117 Mon Sep 7 17:49:34 EDT 2015  Total:  6 of 21



-------------------------------------------------
CS240: Lab 2. pan117   
Mon Sep  7 17:51:20 EDT 2015
-------------------------------------------------
test_mystring test1                 : 3   of 3  
test_mystring test2                 : 0   of 3  
test_mystring test3                 : 0   of 3  
test_mystring test5                 : 3   of 3  
test_mystring test6                 : 0   of 3  
test_mystring test7                 : 0   of 3  
-------------------------------------------------
CS240: Lab 2. pan117 Mon Sep 7 17:51:20 EDT 2015  Total:  6 of 21



-------------------------------------------------
CS240: Lab 2. pan117   
Mon Sep  7 17:53:15 EDT 2015
-------------------------------------------------
test_mystring test1                 : 3   of 3  
test_mystring test2                 : 0   of 3  
test_mystring test3                 : 0   of 3  
test_mystring test5                 : 3   of 3  
test_mystring test6                 : 0   of 3  
test_mystring test7                 : 0   of 3  
-------------------------------------------------
CS240: Lab 2. pan117 Mon Sep 7 17:53:15 EDT 2015  Total:  6 of 21



-------------------------------------------------
CS240: Lab 2. pan117   
Mon Sep  7 17:58:14 EDT 2015
-------------------------------------------------
test_mystring test1                 : 3   of 3  
test_mystring test2                 : 3   of 3  
test_mystring test3                 : 0   of 3  
test_mystring test5                 : 3   of 3  
test_mystring test6                 : 0   of 3  
test_mystring test7                 : 0   of 3  
-------------------------------------------------
CS240: Lab 2. pan117 Mon Sep 7 17:58:14 EDT 2015  Total:  9 of 21



-------------------------------------------------
CS240: Lab 2. pan117   
Mon Sep  7 18:00:07 EDT 2015
-------------------------------------------------
test_mystring test1                 : 3   of 3  
test_mystring test2                 : 3   of 3  
test_mystring test3                 : 0   of 3  
test_mystring test5                 : 3   of 3  
test_mystring test6                 : 0   of 3  
test_mystring test7                 : 0   of 3  
-------------------------------------------------
CS240: Lab 2. pan117 Mon Sep 7 18:00:07 EDT 2015  Total:  9 of 21



-------------------------------------------------
CS240: Lab 2. pan117   
Mon Sep  7 18:02:26 EDT 2015
-------------------------------------------------
test_mystring test1                 : 3   of 3  
test_mystring test2                 : 3   of 3  
test_mystring test3                 : 0   of 3  
test_mystring test5                 : 3   of 3  
test_mystring test6                 : 0   of 3  
test_mystring test7                 : 0   of 3  
-------------------------------------------------
CS240: Lab 2. pan117 Mon Sep 7 18:02:26 EDT 2015  Total:  9 of 21



-------------------------------------------------
CS240: Lab 2. pan117   
Mon Sep  7 18:03:16 EDT 2015
-------------------------------------------------
test_mystring test1                 : 3   of 3  
test_mystring test2                 : 3   of 3  
test_mystring test3                 : 0   of 3  
test_mystring test5                 : 3   of 3  
test_mystring test6                 : 0   of 3  
test_mystring test7                 : 0   of 3  
-------------------------------------------------
CS240: Lab 2. pan117 Mon Sep 7 18:03:16 EDT 2015  Total:  9 of 21



-------------------------------------------------
CS240: Lab 2. pan117   
Mon Sep  7 18:07:14 EDT 2015
-------------------------------------------------
test_mystring test1                 : 3   of 3  
test_mystring test2                 : 3   of 3  
test_mystring test3                 : 0   of 3  
test_mystring test4                 : 0   of 3  
test_mystring test5                 : 3   of 3  
test_mystring test6                 : 0   of 3  
test_mystring test7                 : 0   of 3  
-------------------------------------------------
CS240: Lab 2. pan117 Mon Sep 7 18:07:14 EDT 2015  Total:  9 of 21



-------------------------------------------------
CS240: Lab 2. pan117   
Mon Sep  7 18:08:12 EDT 2015
-------------------------------------------------
test_mystring test1                 : 3   of 3  
test_mystring test2                 : 3   of 3  
test_mystring test3                 : 0   of 3  
test_mystring test4                 : 0   of 3  
test_mystring test5                 : 3   of 3  
test_mystring test6                 : 0   of 3  
test_mystring test7                 : 0   of 3  
-------------------------------------------------
CS240: Lab 2. pan117 Mon Sep 7 18:08:12 EDT 2015  Total:  9 of 21



-------------------------------------------------
CS240: Lab 2. pan117   
Mon Sep  7 18:12:08 EDT 2015
-------------------------------------------------
test_mystring test1                 : 3   of 3  
test_mystring test2                 : 3   of 3  
test_mystring test3                 : 0   of 3  
test_mystring test4                 : 0   of 3  
test_mystring test5                 : 3   of 3  
test_mystring test6                 : 0   of 3  
test_mystring test7                 : 0   of 3  
-------------------------------------------------
CS240: Lab 2. pan117 Mon Sep 7 18:12:08 EDT 2015  Total:  9 of 21



-------------------------------------------------
CS240: Lab 2. pan117   
Mon Sep  7 18:14:24 EDT 2015
-------------------------------------------------
test_mystring test1                 : 3   of 3  
test_mystring test2                 : 3   of 3  
test_mystring test3                 : 0   of 3  
test_mystring test4                 : 0   of 3  
test_mystring test5                 : 3   of 3  
test_mystring test6                 : 0   of 3  
test_mystring test7                 : 0   of 3  
-------------------------------------------------
CS240: Lab 2. pan117 Mon Sep 7 18:14:24 EDT 2015  Total:  9 of 21



-------------------------------------------------
CS240: Lab 2. pan117   
Mon Sep  7 18:15:57 EDT 2015
-------------------------------------------------
test_mystring test1                 : 3   of 3  
test_mystring test2                 : 3   of 3  
test_mystring test3                 : 0   of 3  
test_mystring test4                 : 0   of 3  
test_mystring test5                 : 3   of 3  
test_mystring test6                 : 0   of 3  
test_mystring test7                 : 0   of 3  
-------------------------------------------------
CS240: Lab 2. pan117 Mon Sep 7 18:15:57 EDT 2015  Total:  9 of 21



-------------------------------------------------
CS240: Lab 2. pan117   
Mon Sep  7 18:16:47 EDT 2015
-------------------------------------------------
test_mystring test1                 : 3   of 3  
test_mystring test2                 : 3   of 3  
test_mystring test3                 : 0   of 3  
test_mystring test4                 : 3   of 3  
test_mystring test5                 : 3   of 3  
test_mystring test6                 : 0   of 3  
test_mystring test7                 : 0   of 3  
-------------------------------------------------
CS240: Lab 2. pan117 Mon Sep 7 18:16:47 EDT 2015  Total:  12 of 21



-------------------------------------------------
CS240: Lab 2. pan117   
Mon Sep  7 18:21:06 EDT 2015
-------------------------------------------------
test_mystring test1                 : 3   of 3  
test_mystring test2                 : 3   of 3  
test_mystring test3                 : 3   of 3  
test_mystring test4                 : 3   of 3  
test_mystring test5                 : 3   of 3  
test_mystring test6                 : 0   of 3  
test_mystring test7                 : 0   of 3  
-------------------------------------------------
CS240: Lab 2. pan117 Mon Sep 7 18:21:06 EDT 2015  Total:  15 of 21



-------------------------------------------------
CS240: Lab 2. pan117   
Mon Sep  7 18:26:56 EDT 2015
-------------------------------------------------
test_mystring test1                 : 3   of 3  
test_mystring test2                 : 3   of 3  
test_mystring test3                 : 3   of 3  
test_mystring test4                 : 3   of 3  
test_mystring test5                 : 3   of 3  
test_mystring test7                 : 0   of 3  
-------------------------------------------------
CS240: Lab 2. pan117 Mon Sep 7 18:26:56 EDT 2015  Total:  15 of 21



-------------------------------------------------
CS240: Lab 2. pan117   
Mon Sep  7 18:28:45 EDT 2015
-------------------------------------------------
test_mystring test1                 : 3   of 3  
test_mystring test2                 : 3   of 3  
test_mystring test3                 : 3   of 3  
test_mystring test4                 : 3   of 3  
test_mystring test5                 : 3   of 3  
test_mystring test7                 : 0   of 3  
-------------------------------------------------
CS240: Lab 2. pan117 Mon Sep 7 18:28:45 EDT 2015  Total:  15 of 21



-------------------------------------------------
CS240: Lab 2. pan117   
Mon Sep  7 18:31:20 EDT 2015
-------------------------------------------------
test_mystring test1                 : 3   of 3  
test_mystring test2                 : 3   of 3  
test_mystring test3                 : 3   of 3  
test_mystring test4                 : 3   of 3  
test_mystring test5                 : 3   of 3  
test_mystring test7                 : 0   of 3  
-------------------------------------------------
CS240: Lab 2. pan117 Mon Sep 7 18:31:20 EDT 2015  Total:  15 of 21



-------------------------------------------------
CS240: Lab 2. pan117   
Mon Sep  7 18:32:15 EDT 2015
-------------------------------------------------
test_mystring test1                 : 3   of 3  
test_mystring test2                 : 3   of 3  
test_mystring test3                 : 3   of 3  
test_mystring test4                 : 3   of 3  
test_mystring test5                 : 3   of 3  
test_mystring test7                 : 0   of 3  
-------------------------------------------------
CS240: Lab 2. pan117 Mon Sep 7 18:32:15 EDT 2015  Total:  15 of 21



-------------------------------------------------
CS240: Lab 2. pan117   
Mon Sep  7 18:33:15 EDT 2015
-------------------------------------------------
test_mystring test1                 : 3   of 3  
test_mystring test2                 : 3   of 3  
test_mystring test3                 : 3   of 3  
test_mystring test4                 : 3   of 3  
test_mystring test5                 : 3   of 3  
test_mystring test7                 : 0   of 3  
-------------------------------------------------
CS240: Lab 2. pan117 Mon Sep 7 18:33:15 EDT 2015  Total:  15 of 21



-------------------------------------------------
CS240: Lab 2. pan117   
Mon Sep  7 18:33:24 EDT 2015
-------------------------------------------------
test_mystring test1                 : 3   of 3  
test_mystring test2                 : 3   of 3  
test_mystring test3                 : 3   of 3  
test_mystring test4                 : 3   of 3  
test_mystring test5                 : 3   of 3  
test_mystring test7                 : 0   of 3  
-------------------------------------------------
CS240: Lab 2. pan117 Mon Sep 7 18:33:24 EDT 2015  Total:  15 of 21



-------------------------------------------------
CS240: Lab 2. pan117   
Mon Sep  7 18:34:28 EDT 2015
-------------------------------------------------
test_mystring test1                 : 3   of 3  
test_mystring test2                 : 3   of 3  
test_mystring test3                 : 3   of 3  
test_mystring test4                 : 3   of 3  
test_mystring test5                 : 3   of 3  
test_mystring test6                 : 3   of 3  
test_mystring test7                 : 0   of 3  
-------------------------------------------------
CS240: Lab 2. pan117 Mon Sep 7 18:34:28 EDT 2015  Total:  18 of 21



-------------------------------------------------
CS240: Lab 2. pan117   
Mon Sep  7 18:38:17 EDT 2015
-------------------------------------------------
test_mystring test1                 : 3   of 3  
test_mystring test2                 : 3   of 3  
test_mystring test3                 : 3   of 3  
test_mystring test4                 : 3   of 3  
test_mystring test5                 : 3   of 3  
test_mystring test6                 : 3   of 3  
test_mystring test7                 : 0   of 3  
-------------------------------------------------
CS240: Lab 2. pan117 Mon Sep 7 18:38:17 EDT 2015  Total:  18 of 21



-------------------------------------------------
CS240: Lab 2. pan117   
Mon Sep  7 18:44:25 EDT 2015
-------------------------------------------------
test_mystring test1                 : 3   of 3  
test_mystring test2                 : 3   of 3  
test_mystring test3                 : 3   of 3  
test_mystring test4                 : 3   of 3  
test_mystring test5                 : 3   of 3  
test_mystring test6                 : 3   of 3  
test_mystring test7                 : 0   of 3  
-------------------------------------------------
CS240: Lab 2. pan117 Mon Sep 7 18:44:25 EDT 2015  Total:  18 of 21



-------------------------------------------------
CS240: Lab 2. pan117   
Mon Sep  7 18:48:47 EDT 2015
-------------------------------------------------
test_mystring test1                 : 3   of 3  
test_mystring test2                 : 3   of 3  
test_mystring test3                 : 3   of 3  
test_mystring test4                 : 3   of 3  
test_mystring test5                 : 3   of 3  
test_mystring test6                 : 3   of 3  
test_mystring test7                 : 0   of 3  
-------------------------------------------------
CS240: Lab 2. pan117 Mon Sep 7 18:48:47 EDT 2015  Total:  18 of 21



-------------------------------------------------
CS240: Lab 2. pan117   
Mon Sep  7 18:54:25 EDT 2015
-------------------------------------------------
test_mystring test1                 : 3   of 3  
test_mystring test2                 : 3   of 3  
test_mystring test3                 : 3   of 3  
test_mystring test4                 : 3   of 3  
test_mystring test5                 : 3   of 3  
test_mystring test6                 : 3   of 3  
test_mystring test7                 : 0   of 3  
-------------------------------------------------
CS240: Lab 2. pan117 Mon Sep 7 18:54:25 EDT 2015  Total:  18 of 21



-------------------------------------------------
CS240: Lab 2. pan117   
Mon Sep  7 18:55:10 EDT 2015
-------------------------------------------------
test_mystring test1                 : 3   of 3  
test_mystring test2                 : 3   of 3  
test_mystring test3                 : 3   of 3  
test_mystring test4                 : 3   of 3  
test_mystring test5                 : 3   of 3  
test_mystring test6                 : 3   of 3  
test_mystring test7                 : 0   of 3  
-------------------------------------------------
CS240: Lab 2. pan117 Mon Sep 7 18:55:10 EDT 2015  Total:  18 of 21



-------------------------------------------------
CS240: Lab 2. pan117   
Mon Sep  7 18:55:39 EDT 2015
-------------------------------------------------
test_mystring test1                 : 3   of 3  
test_mystring test2                 : 3   of 3  
test_mystring test3                 : 3   of 3  
test_mystring test4                 : 3   of 3  
test_mystring test5                 : 3   of 3  
test_mystring test6                 : 3   of 3  
test_mystring test7                 : 0   of 3  
-------------------------------------------------
CS240: Lab 2. pan117 Mon Sep 7 18:55:39 EDT 2015  Total:  18 of 21



-------------------------------------------------
CS240: Lab 2. pan117   
Mon Sep  7 18:57:33 EDT 2015
-------------------------------------------------
test_mystring test1                 : 3   of 3  
test_mystring test2                 : 3   of 3  
test_mystring test3                 : 3   of 3  
test_mystring test4                 : 3   of 3  
test_mystring test5                 : 3   of 3  
test_mystring test6                 : 3   of 3  
test_mystring test7                 : 0   of 3  
-------------------------------------------------
CS240: Lab 2. pan117 Mon Sep 7 18:57:33 EDT 2015  Total:  18 of 21



-------------------------------------------------
CS240: Lab 2. pan117   
Mon Sep  7 18:59:12 EDT 2015
-------------------------------------------------
test_mystring test1                 : 3   of 3  
test_mystring test2                 : 3   of 3  
test_mystring test3                 : 3   of 3  
test_mystring test4                 : 3   of 3  
test_mystring test5                 : 3   of 3  
test_mystring test6                 : 3   of 3  
test_mystring test7                 : 3   of 3  
-------------------------------------------------
CS240: Lab 2. pan117 Mon Sep 7 18:59:12 EDT 2015  Total:  21 of 21

