CS240: Exam2. pheldrin Thu Oct 15 12:42:16 EDT 2015  Total:  15 of 15
15
15
CS240: Exam2. pheldrin Thu Oct 15 13:06:45 EDT 2015  Total:  15 of 24
15
24
CS240: Exam2. pheldrin Thu Oct 15 13:07:36 EDT 2015  Total:  24 of 24
24
24
CS240: Exam2. pheldrin Thu Oct 15 13:08:54 EDT 2015  Total:  24 of 24
24
24
CS240: Exam2. pheldrin Thu Oct 15 13:10:01 EDT 2015  Total:  12 of 12
12
12
CS240: Exam2. pheldrin Thu Oct 15 13:10:23 EDT 2015  Total:  24 of 24
24
24
CS240: Exam2. pheldrin Thu Oct 15 13:11:57 EDT 2015  Total:  24 of 24
24
24
CS240: Exam2. pheldrin Thu Oct 15 13:14:18 EDT 2015  Total:  24 of 24
24
24
CS240: Exam2. pheldrin Thu Oct 15 14:51:52 EDT 2015  Total:  24 of 24
24
24
CS240: Exam2. pheldrin Thu Oct 15 21:43:41 EDT 2015  Total:  24 of 24
24
24
CS240: Exam2. pheldrin Thu Oct 15 21:49:10 EDT 2015  Total:  24 of 24
24
24
CS240: Exam2. pheldrin Thu Oct 15 21:49:42 EDT 2015  Total:  24 of 24
24
24
CS240: Exam2. pheldrin Thu Oct 15 21:51:25 EDT 2015  Total:  24 of 24
24
24
CS240: Exam2. pheldrin Thu Oct 15 21:51:59 EDT 2015  Total:  24 of 24
24
24
CS240: Exam2. pheldrin Thu Oct 15 21:53:28 EDT 2015  Total:  24 of 24
24
24
CS240: Exam2. pheldrin Fri Oct 16 02:36:20 EDT 2015  Total:  24 of 24
24
24
CS240: Exam2. pheldrin Fri Oct 16 21:47:52 EDT 2015  Total:  18 of 24
18
24
CS240: Exam2. pheldrin Fri Oct 16 21:48:33 EDT 2015  Total:  24 of 24
24
24
CS240: Exam2. pheldrin Sun Oct 18 00:27:34 EDT 2015  Total:  24 of 24
24
24
CS240: Exam2. pheldrin Sun Oct 18 00:27:39 EDT 2015  Total:  24 of 24
24
24
CS240: Exam2. pheldrin Sun Oct 18 16:24:48 EDT 2015  Total:  24 of 24
24
24
CS240: Exam2. pheldrin Sun Oct 18 17:45:27 EDT 2015  Total:  24 of 24
24
24
CS240: Exam2. pheldrin Sun Oct 18 19:29:30 EDT 2015  Total:  24 of 24
24
24
CS240: Exam2. pheldrin Sun Oct 18 19:37:59 EDT 2015  Total:  24 of 24
24
24
CS240: Exam2. pheldrin Sun Oct 18 19:41:04 EDT 2015  Total:  24 of 24
24
24
CS240: Exam2. pheldrin Sun Oct 18 23:58:20 EDT 2015  Total:  24 of 24
24
24
CS240: Exam2. pheldrin Mon Oct 19 00:02:02 EDT 2015  Total:  24 of 24
24
24
CS240: Exam2. pheldrin Mon Oct 19 00:02:18 EDT 2015  Total:  24 of 24
24
24
CS240: Exam2. pheldrin Mon Oct 19 00:06:43 EDT 2015  Total:  24 of 24
24
24
CS240: Exam2. pheldrin Mon Oct 19 00:08:21 EDT 2015  Total:  24 of 24
24
24
CS240: Exam2. cs240 Mon Oct 19 02:25:21 EDT 2015  Total:  24 of 24
24
24
CS240: Exam2. cs240 Mon Oct 19 02:26:00 EDT 2015  Total:  30 of 30
30
30
CS240: Exam2. cs240 Mon Oct 19 02:28:28 EDT 2015  Total:  30 of 30
30
30
CS240: Exam2. cs240 Mon Oct 19 04:40:23 EDT 2015  Total:  3 of 30
3
30
CS240: Exam2. cs240 Mon Oct 19 04:44:18 EDT 2015  Total:  3 of 30
3
30
CS240: Exam2. cs240 Mon Oct 19 04:47:59 EDT 2015  Total:  3 of 30
3
30
CS240: Exam2. cs240 Mon Oct 19 04:53:56 EDT 2015  Total:  3 of 30
3
30
CS240: Exam2. cs240 Mon Oct 19 12:56:56 EDT 2015  Total:  3 of 30
3
30
CS240: Exam2. pan117 Tue Oct 27 15:34:44 EDT 2015  Total:  3 of 30
3
30
CS240: Exam2. pan117 Tue Oct 27 15:39:14 EDT 2015  Total:  3 of 30
3
30
CS240: Exam2. pan117 Tue Oct 27 15:42:32 EDT 2015  Total:  3 of 30
3
30
CS240: Exam2. pan117 Wed Oct 28 13:49:47 EDT 2015  Total:  3 of 30
3
30
CS240: Exam2. pan117 Wed Oct 28 13:51:59 EDT 2015  Total:  3 of 30
3
30
CS240: Exam2. pan117 Wed Oct 28 13:52:55 EDT 2015  Total:  3 of 30
3
30
CS240: Exam2. pan117 Wed Oct 28 13:53:22 EDT 2015  Total:  9 of 30
9
30
CS240: Exam2. pan117 Tue Nov 3 10:45:29 EST 2015  Total:  15 of 30
15
30
CS240: Exam2. pan117 Tue Nov 3 10:50:35 EST 2015  Total:  15 of 30
15
30
CS240: Exam2. pan117 Tue Nov 3 10:51:46 EST 2015  Total:  15 of 30
15
30
CS240: Exam2. pan117 Tue Nov 3 10:55:15 EST 2015  Total:  15 of 30
15
30
CS240: Exam2. pan117 Tue Nov 3 10:56:11 EST 2015  Total:  15 of 30
15
30
CS240: Exam2. pan117 Tue Nov 3 10:58:30 EST 2015  Total:  15 of 30
15
30
CS240: Exam2. pan117 Tue Nov 3 11:03:57 EST 2015  Total:  15 of 30
15
30
CS240: Exam2. pan117 Tue Nov 3 11:05:10 EST 2015  Total:  15 of 30
15
30
CS240: Exam2. pan117 Tue Nov 3 11:05:57 EST 2015  Total:  15 of 30
15
30
CS240: Exam2. pan117 Tue Nov 3 11:07:16 EST 2015  Total:  15 of 30
15
30
CS240: Exam2. pan117 Tue Nov 3 11:08:55 EST 2015  Total:  15 of 30
15
30
CS240: Exam2. pan117 Tue Nov 3 11:09:53 EST 2015  Total:  15 of 30
15
30
CS240: Exam2. pan117 Tue Nov 3 11:10:27 EST 2015  Total:  15 of 30
15
30
CS240: Exam2. pan117 Tue Nov 3 11:11:04 EST 2015  Total:  15 of 30
15
30
CS240: Exam2. pan117 Tue Nov 3 11:11:42 EST 2015  Total:  15 of 30
15
30
CS240: Exam2. pan117 Tue Nov 3 11:11:57 EST 2015  Total:  21 of 30
21
30
CS240: Exam2. pan117 Tue Nov 3 11:14:04 EST 2015  Total:  15 of 30
15
30
CS240: Exam2. pan117 Tue Nov 3 11:16:05 EST 2015  Total:  15 of 30
15
30
CS240: Exam2. pan117 Tue Nov 3 11:16:22 EST 2015  Total:  21 of 30
21
30
CS240: Exam2. pan117 Tue Nov 3 14:53:05 EST 2015  Total:  21 of 30
21
30
CS240: Exam2. pan117 Tue Nov 3 14:56:29 EST 2015  Total:  18 of 30
18
30
CS240: Exam2. pan117 Tue Nov 3 14:57:08 EST 2015  Total:  18 of 30
18
30
CS240: Exam2. pan117 Tue Nov 3 14:58:41 EST 2015  Total:  18 of 30
18
30
CS240: Exam2. pan117 Tue Nov 3 14:59:31 EST 2015  Total:  18 of 30
18
30
CS240: Exam2. pan117 Tue Nov 3 15:00:28 EST 2015  Total:  18 of 30
18
30
CS240: Exam2. pan117 Tue Nov 3 15:04:02 EST 2015  Total:  12 of 30
12
30
CS240: Exam2. pan117 Tue Nov 3 15:04:12 EST 2015  Total:  18 of 30
18
30
CS240: Exam2. pan117 Fri Nov 6 16:49:31 EST 2015  Total:  18 of 30
18
30
CS240: Exam2. pan117 Fri Nov 6 21:33:24 EST 2015  Total:  18 of 30
18
30
CS240: Exam2. pan117 Fri Nov 6 21:53:35 EST 2015  Total:  18 of 30
18
30
CS240: Exam2. pan117 Fri Nov 6 21:57:21 EST 2015  Total:  15 of 30
15
30
CS240: Exam2. pan117 Fri Nov 6 21:59:16 EST 2015  Total:  15 of 30
15
30
CS240: Exam2. pan117 Fri Nov 6 22:00:22 EST 2015  Total:  21 of 30
21
30
CS240: Exam2. pan117 Fri Nov 6 22:04:49 EST 2015  Total:  21 of 30
21
30
CS240: Exam2. pan117 Fri Nov 6 22:10:59 EST 2015  Total:  21 of 30
21
30
CS240: Exam2. pan117 Fri Nov 6 22:13:42 EST 2015  Total:  24 of 30
24
30
CS240: Exam2. pan117 Fri Nov 6 22:15:11 EST 2015  Total:  24 of 30
24
30
CS240: Exam2. pan117 Fri Nov 6 22:16:51 EST 2015  Total:  24 of 30
24
30
CS240: Exam2. pan117 Fri Nov 6 22:17:32 EST 2015  Total:  24 of 30
24
30
CS240: Exam2. pan117 Fri Nov 6 22:18:11 EST 2015  Total:  24 of 30
24
30
CS240: Exam2. pan117 Fri Nov 6 22:18:40 EST 2015  Total:  24 of 30
24
30
CS240: Exam2. pan117 Fri Nov 6 22:19:38 EST 2015  Total:  24 of 30
24
30
CS240: Exam2. pan117 Fri Nov 6 22:19:58 EST 2015  Total:  21 of 30
21
30
CS240: Exam2. pan117 Fri Nov 6 22:20:41 EST 2015  Total:  21 of 30
21
30
CS240: Exam2. pan117 Fri Nov 6 22:21:00 EST 2015  Total:  21 of 30
21
30
CS240: Exam2. pan117 Fri Nov 6 22:21:26 EST 2015  Total:  24 of 30
24
30
CS240: Exam2. pan117 Fri Nov 6 22:30:17 EST 2015  Total:  24 of 30
24
30
CS240: Exam2. pan117 Fri Nov 6 22:31:34 EST 2015  Total:  24 of 30
24
30
CS240: Exam2. pan117 Fri Nov 6 22:31:58 EST 2015  Total:  24 of 30
24
30
CS240: Exam2. pan117 Fri Nov 6 22:33:48 EST 2015  Total:  24 of 30
24
30
CS240: Exam2. pan117 Thu Dec 3 15:43:36 EST 2015  Total:  24 of 30
24
30
