CS240: Exam2. pheldrin Fri Oct 16 02:35:47 EDT 2015  Total:  24 of 24
24
24
CS240: Exam2. pheldrin Fri Oct 16 02:36:21 EDT 2015  Total:  24 of 24
24
24
CS240: Exam2. pheldrin Fri Oct 16 02:36:43 EDT 2015  Total:  24 of 24
24
24
CS240: Exam2. pheldrin Sun Oct 18 00:27:35 EDT 2015  Total:  24 of 24
24
24
CS240: Exam2. pheldrin Sun Oct 18 16:37:54 EDT 2015  Total:  24 of 24
24
24
CS240: Exam2. pheldrin Sun Oct 18 16:38:34 EDT 2015  Total:  24 of 24
24
24
CS240: Exam2. pheldrin Sun Oct 18 16:38:55 EDT 2015  Total:  24 of 24
24
24
CS240: Exam2. pheldrin Sun Oct 18 16:39:20 EDT 2015  Total:  24 of 24
24
24
CS240: Exam2. pheldrin Sun Oct 18 16:39:38 EDT 2015  Total:  24 of 24
24
24
CS240: Exam2. pheldrin Sun Oct 18 17:36:05 EDT 2015  Total:  24 of 24
24
24
CS240: Exam2. pheldrin Sun Oct 18 19:29:30 EDT 2015  Total:  24 of 24
24
24
CS240: Exam2. pheldrin Sun Oct 18 19:41:04 EDT 2015  Total:  24 of 24
24
24
CS240: Exam2. pheldrin Mon Oct 19 00:08:22 EDT 2015  Total:  24 of 24
24
24
CS240: Exam2. cs240 Mon Oct 19 02:25:22 EDT 2015  Total:  24 of 24
24
24
CS240: Exam2. cs240 Mon Oct 19 02:27:00 EDT 2015  Total:  24 of 24
24
24
CS240: Exam2. cs240 Mon Oct 19 02:27:09 EDT 2015  Total:  26 of 26
26
26
CS240: Exam2. cs240 Mon Oct 19 02:27:34 EDT 2015  Total:  30 of 30
30
30
CS240: Exam2. cs240 Mon Oct 19 02:27:53 EDT 2015  Total:  30 of 30
30
30
CS240: Exam2. cs240 Mon Oct 19 02:28:29 EDT 2015  Total:  20 of 20
20
20
CS240: Exam2. cs240 Mon Oct 19 04:35:36 EDT 2015  Total:  20 of 20
20
20
CS240: Exam2. cs240 Mon Oct 19 04:43:03 EDT 2015  Total:  0 of 20
0
20
CS240: Exam2. cs240 Mon Oct 19 04:44:19 EDT 2015  Total:  0 of 20
0
20
CS240: Exam2. cs240 Mon Oct 19 04:48:00 EDT 2015  Total:  0 of 20
0
20
CS240: Exam2. cs240 Mon Oct 19 04:53:57 EDT 2015  Total:  0 of 20
0
20
CS240: Exam2. cs240 Mon Oct 19 12:58:09 EDT 2015  Total:  0 of 20
0
20
CS240: Exam2. pan117 Tue Nov 3 12:23:40 EST 2015  Total:  10 of 20
10
20
CS240: Exam2. pan117 Tue Nov 3 12:26:26 EST 2015  Total:  10 of 20
10
20
CS240: Exam2. pan117 Tue Nov 3 12:28:00 EST 2015  Total:  10 of 20
10
20
CS240: Exam2. pan117 Tue Nov 3 12:28:37 EST 2015  Total:  10 of 20
10
20
CS240: Exam2. pan117 Tue Nov 3 12:29:15 EST 2015  Total:  10 of 20
10
20
CS240: Exam2. pan117 Tue Nov 3 12:33:03 EST 2015  Total:  10 of 20
10
20
CS240: Exam2. pan117 Tue Nov 3 12:33:09 EST 2015  Total:  10 of 20
10
20
CS240: Exam2. pan117 Tue Nov 3 12:33:10 EST 2015  Total:  10 of 20
10
20
CS240: Exam2. pan117 Tue Nov 3 12:33:56 EST 2015  Total:  10 of 20
10
20
CS240: Exam2. pan117 Tue Nov 3 12:34:35 EST 2015  Total:  15 of 20
15
20
CS240: Exam2. pan117 Tue Nov 3 12:38:25 EST 2015  Total:  20 of 20
20
20
CS240: Exam2. pan117 Tue Nov 3 15:23:01 EST 2015  Total:  20 of 20
20
20
CS240: Exam2. pan117 Fri Nov 6 16:54:56 EST 2015  Total:  20 of 20
20
20
CS240: Exam2. pan117 Fri Nov 6 21:33:08 EST 2015  Total:  20 of 20
20
20
CS240: Exam2. pan117 Thu Dec 3 15:56:35 EST 2015  Total:  20 of 20
20
20
