CS240: Exam2. cs240 Sun Oct 18 21:19:21 EDT 2015  Total:  0 of 20
0
20
CS240: Exam2. cs240 Sun Oct 18 21:20:20 EDT 2015  Total:  20 of 20
20
20
CS240: Exam2. cs240 Sun Oct 18 21:20:42 EDT 2015  Total:  20 of 20
20
20
CS240: Exam2. cs240 Mon Oct 19 02:25:22 EDT 2015  Total:  20 of 20
20
20
CS240: Exam2. cs240 Mon Oct 19 02:28:29 EDT 2015  Total:  20 of 20
20
20
CS240: Exam2. cs240 Mon Oct 19 04:44:10 EDT 2015  Total:  0 of 20
0
20
CS240: Exam2. cs240 Mon Oct 19 04:44:20 EDT 2015  Total:  0 of 20
0
20
CS240: Exam2. cs240 Mon Oct 19 04:48:00 EDT 2015  Total:  0 of 20
0
20
CS240: Exam2. cs240 Mon Oct 19 04:53:57 EDT 2015  Total:  0 of 20
0
20
CS240: Exam2. cs240 Mon Oct 19 12:58:22 EDT 2015  Total:  0 of 20
0
20
CS240: Exam2. pan117 Tue Nov 3 12:43:38 EST 2015  Total:  7 of 20
7
20
CS240: Exam2. pan117 Tue Nov 3 13:15:16 EST 2015  Total:  7 of 20
7
20
CS240: Exam2. pan117 Tue Nov 3 13:22:15 EST 2015  Total:  7 of 20
7
20
CS240: Exam2. pan117 Tue Nov 3 14:20:01 EST 2015  Total:  7 of 20
7
20
CS240: Exam2. pan117 Tue Nov 3 14:31:51 EST 2015  Total:  7 of 20
7
20
CS240: Exam2. pan117 Tue Nov 3 14:38:03 EST 2015  Total:  7 of 20
7
20
CS240: Exam2. pan117 Tue Nov 3 14:51:10 EST 2015  Total:  7 of 20
7
20
CS240: Exam2. pan117 Fri Nov 6 16:55:04 EST 2015  Total:  7 of 20
7
20
CS240: Exam2. pan117 Fri Nov 6 20:46:16 EST 2015  Total:  7 of 20
7
20
CS240: Exam2. pan117 Fri Nov 6 20:54:00 EST 2015  Total:  7 of 20
7
20
CS240: Exam2. pan117 Fri Nov 6 21:08:44 EST 2015  Total:  7 of 20
7
20
CS240: Exam2. pan117 Fri Nov 6 21:09:46 EST 2015  Total:  7 of 20
7
20
CS240: Exam2. pan117 Fri Nov 6 21:10:55 EST 2015  Total:  7 of 20
7
20
CS240: Exam2. pan117 Fri Nov 6 21:30:15 EST 2015  Total:  7 of 20
7
20
CS240: Exam2. pan117 Fri Nov 6 21:30:40 EST 2015  Total:  7 of 20
7
20
CS240: Exam2. pan117 Fri Nov 6 21:32:35 EST 2015  Total:  20 of 20
20
20
CS240: Exam2. pan117 Fri Nov 6 21:33:16 EST 2015  Total:  20 of 20
20
20
CS240: Exam2. pan117 Thu Dec 3 16:10:26 EST 2015  Total:  20 of 20
20
20
